<?xml version="1.0" encoding="UTF-8"?>
<!-- Generated by org.testng.reporters.JUnitReportReporter -->
<testsuite skipped="0" hostname="Rohit" name="com.testcases.LoginTest" tests="1" failures="0" timestamp="11 Oct 2021 09:06:40 GMT" time="0.047" errors="0">
  <testcase name="test1" time="0.047" classname="com.testcases.LoginTest"/>
</testsuite> <!-- com.testcases.LoginTest -->
