<?xml version="1.0" encoding="UTF-8"?>
<!-- Generated by org.testng.reporters.JUnitReportReporter -->
<testsuite skipped="0" hostname="Rohit" name="com.utility.ExcellReadUtility" tests="1" failures="0" timestamp="11 Oct 2021 08:53:21 GMT" time="2.554" errors="0">
  <testcase name="uTest" time="2.554" classname="com.utility.ExcellReadUtility"/>
</testsuite> <!-- com.utility.ExcellReadUtility -->
