<?xml version="1.0" encoding="UTF-8"?>
<!-- Generated by org.testng.reporters.JUnitReportReporter -->
<testsuite skipped="0" hostname="Rohit" name="com.day1.VerifyLogin_chrome" tests="1" failures="0" timestamp="03 Oct 2021 13:21:54 GMT" time="18.175" errors="0">
  <testcase name="Test1" time="18.175" classname="com.day1.VerifyLogin_chrome"/>
</testsuite> <!-- com.day1.VerifyLogin_chrome -->
