<?xml version="1.0" encoding="UTF-8"?>
<!-- Generated by org.testng.reporters.JUnitReportReporter -->
<testsuite skipped="0" hostname="Rohit" name="com.day1.TestVerifyLogin_chrome" tests="4" failures="0" timestamp="03 Oct 2021 17:23:43 GMT" time="45.179" errors="0">
  <testcase name="Test1" time="10.013" classname="com.day1.TestVerifyLogin_chrome"/>
  <testcase name="Test3" time="13.086" classname="com.day1.TestVerifyLogin_chrome"/>
  <testcase name="Test" time="10.334" classname="com.day1.TestVerifyLogin_chrome"/>
  <testcase name="Test2" time="11.746" classname="com.day1.TestVerifyLogin_chrome"/>
</testsuite> <!-- com.day1.TestVerifyLogin_chrome -->
